----------------------------------------------------------------
Sat Feb 19 07:11:54 IST 2022:
Booting Derby version The Apache Software Foundation - Apache Derby - 10.14.2.0 - (1828579): instance a816c00e-017f-0fa4-7945-000001814a20 
on database directory memory:C:\Users\visha\OneDrive\Desktop\Tutorial\demo\1e98179a-432f-4fca-bcc2-8d94079c83d0 with class loader jdk.internal.loader.ClassLoaders$AppClassLoader@2626b418 
Loaded from file:/C:/Users/visha/.m2/repository/org/apache/derby/derby/10.14.2.0/derby-10.14.2.0.jar
java.vendor=Oracle Corporation
java.runtime.version=14.0.1+7
user.dir=c:\Users\visha\OneDrive\Desktop\Tutorial\demo
os.name=Windows 10
os.arch=amd64
os.version=10.0
derby.system.home=null
Database Class Loader started - derby.database.classpath=''
----------------------------------------------------------------
Sat Feb 19 07:22:05 IST 2022:
Shutting down instance a816c00e-017f-0fa4-7945-000001814a20 on database directory memory:C:\Users\visha\OneDrive\Desktop\Tutorial\demo\1e98179a-432f-4fca-bcc2-8d94079c83d0 with class loader jdk.internal.loader.ClassLoaders$AppClassLoader@2626b418 
----------------------------------------------------------------
Sat Feb 19 07:24:23 IST 2022:
Booting Derby version The Apache Software Foundation - Apache Derby - 10.14.2.0 - (1828579): instance 52da80c5-017f-0fa4-7945-000001814a20 
on database directory memory:C:\Users\visha\OneDrive\Desktop\Tutorial\demo\4f1dd97f-dc82-4601-900e-bf8edb7864c4 with class loader jdk.internal.loader.ClassLoaders$AppClassLoader@2626b418 
Loaded from file:/C:/Users/visha/.m2/repository/org/apache/derby/derby/10.14.2.0/derby-10.14.2.0.jar
java.vendor=Oracle Corporation
java.runtime.version=14.0.1+7
user.dir=c:\Users\visha\OneDrive\Desktop\Tutorial\demo
os.name=Windows 10
os.arch=amd64
os.version=10.0
derby.system.home=null
Database Class Loader started - derby.database.classpath=''
----------------------------------------------------------------
Sat Feb 19 07:24:35 IST 2022:
Shutting down instance 52da80c5-017f-0fa4-7945-000001814a20 on database directory memory:C:\Users\visha\OneDrive\Desktop\Tutorial\demo\4f1dd97f-dc82-4601-900e-bf8edb7864c4 with class loader jdk.internal.loader.ClassLoaders$AppClassLoader@2626b418 
